<?xml version="1.0" encoding="UTF-8"?>
<!-- Generated by org.testng.reporters.JUnitReportReporter -->
<testsuite hostname="DESKTOP-IAPQ3RA" failures="0" tests="1" name="project.TestGet" time="2.280" errors="0" timestamp="2023-02-01T16:55:48 CST" skipped="0">
  <testcase classname="project.TestGet" name="getAllResult" time="2.280"/>
  <system-out/>
</testsuite> <!-- project.TestGet -->
