<?xml version="1.0" encoding="UTF-8"?>
<!-- Generated by org.testng.reporters.JUnitReportReporter -->
<testsuite hostname="DESKTOP-IAPQ3RA" failures="0" tests="1" name="project.TestPopulation" time="3.412" errors="0" timestamp="2023-02-14T10:24:28 CST" skipped="0">
  <testcase classname="project.TestPopulation" name="getResult" time="3.412"/>
  <system-out/>
</testsuite> <!-- project.TestPopulation -->
