<?xml version="1.0" encoding="UTF-8"?>
<!-- Generated by org.testng.reporters.JUnitReportReporter -->
<testsuite hostname="DESKTOP-IAPQ3RA" failures="0" tests="1" name="nonBdd.GerUrl" time="2.287" errors="0" timestamp="2023-01-28T08:29:48 CST" skipped="0">
  <testcase classname="nonBdd.GerUrl" name="getUrl" time="2.287"/>
  <system-out/>
</testsuite> <!-- nonBdd.GerUrl -->
