<?xml version="1.0" encoding="UTF-8"?>
<!-- Generated by org.testng.reporters.JUnitReportReporter -->
<testsuite hostname="DESKTOP-IAPQ3RA" failures="0" tests="1" name="nonBdd.GetAllResources" time="1.746" errors="0" timestamp="2023-01-22T20:59:30 CST" skipped="0">
  <testcase classname="nonBdd.GetAllResources" name="getAllResources" time="1.746"/>
  <system-out/>
</testsuite> <!-- nonBdd.GetAllResources -->
